[debug] [2023-08-01T02:15:15.550Z] ----------------------------------------------------------------------
[debug] [2023-08-01T02:15:15.553Z] Command:       C:\Program Files\nodejs\node.exe C:\Users\hp\AppData\Roaming\npm\node_modules\firebase-tools\lib\bin\firebase.js init
[debug] [2023-08-01T02:15:15.554Z] CLI Version:   12.4.2
[debug] [2023-08-01T02:15:15.554Z] Platform:      win32
[debug] [2023-08-01T02:15:15.554Z] Node Version:  v16.17.1
[debug] [2023-08-01T02:15:15.555Z] Time:          Tue Aug 01 2023 07:45:15 GMT+0530 (India Standard Time)
[debug] [2023-08-01T02:15:15.556Z] ----------------------------------------------------------------------
[debug] 
[debug] [2023-08-01T02:15:15.567Z] > command requires scopes: ["email","openid","https://www.googleapis.com/auth/cloudplatformprojects.readonly","https://www.googleapis.com/auth/firebase","https://www.googleapis.com/auth/cloud-platform"]
[debug] [2023-08-01T02:15:15.568Z] > authorizing via signed-in user (deploy2.firebase2@gmail.com)
[info] 
     ######## #### ########  ######## ########     ###     ######  ########
     ##        ##  ##     ## ##       ##     ##  ##   ##  ##       ##
     ######    ##  ########  ######   ########  #########  ######  ######
     ##        ##  ##    ##  ##       ##     ## ##     ##       ## ##
     ##       #### ##     ## ######## ########  ##     ##  ######  ########

You're about to initialize a Firebase project in this directory:

  C:\Users\hp\OneDrive\Desktop\amazon-clone\demo\portfollio_Website

[info] 
=== Project Setup
[info] 
[info] First, let's associate this project directory with a Firebase project.
[info] You can create multiple project aliases by running firebase use --add, 
[info] but for now we'll just set up a default project.
[info] 
[info] i  If you want to create a project in a Google Cloud organization or folder, please use "firebase projects:create" instead, and return to this command when you've created the project. 
[debug] [2023-08-01T02:15:33.871Z] >>> [apiv2][query] POST https://cloudresourcemanager.googleapis.com/v1/projects [none]
[debug] [2023-08-01T02:15:33.873Z] >>> [apiv2][body] POST https://cloudresourcemanager.googleapis.com/v1/projects {"projectId":"websiteportfolio","name":"websiteportfolio"}
[debug] [2023-08-01T02:15:35.441Z] <<< [apiv2][status] POST https://cloudresourcemanager.googleapis.com/v1/projects 409
[debug] [2023-08-01T02:15:35.441Z] <<< [apiv2][body] POST https://cloudresourcemanager.googleapis.com/v1/projects {"error":{"code":409,"message":"Requested entity already exists","status":"ALREADY_EXISTS"}}
[debug] [2023-08-01T02:15:35.697Z] FirebaseError: HTTP Error: 409, Requested entity already exists
    at responseToError (C:\Users\hp\AppData\Roaming\npm\node_modules\firebase-tools\lib\responseToError.js:49:12)
    at RetryOperation._fn (C:\Users\hp\AppData\Roaming\npm\node_modules\firebase-tools\lib\apiv2.js:288:77)
    at processTicksAndRejections (node:internal/process/task_queues:96:5)
[error] 
[error] Error: Failed to create project because there is already a project with ID websiteportfolio. Please try again with a unique project ID.
[debug] [2023-08-01T02:15:48.647Z] ----------------------------------------------------------------------
[debug] [2023-08-01T02:15:48.650Z] Command:       C:\Program Files\nodejs\node.exe C:\Users\hp\AppData\Roaming\npm\node_modules\firebase-tools\lib\bin\firebase.js init
[debug] [2023-08-01T02:15:48.651Z] CLI Version:   12.4.2
[debug] [2023-08-01T02:15:48.651Z] Platform:      win32
[debug] [2023-08-01T02:15:48.652Z] Node Version:  v16.17.1
[debug] [2023-08-01T02:15:48.653Z] Time:          Tue Aug 01 2023 07:45:48 GMT+0530 (India Standard Time)
[debug] [2023-08-01T02:15:48.654Z] ----------------------------------------------------------------------
[debug] 
[debug] [2023-08-01T02:15:48.672Z] > command requires scopes: ["email","openid","https://www.googleapis.com/auth/cloudplatformprojects.readonly","https://www.googleapis.com/auth/firebase","https://www.googleapis.com/auth/cloud-platform"]
[debug] [2023-08-01T02:15:48.673Z] > authorizing via signed-in user (deploy2.firebase2@gmail.com)
[info] 
     ######## #### ########  ######## ########     ###     ######  ########
     ##        ##  ##     ## ##       ##     ##  ##   ##  ##       ##
     ######    ##  ########  ######   ########  #########  ######  ######
     ##        ##  ##    ##  ##       ##     ## ##     ##       ## ##
     ##       #### ##     ## ######## ########  ##     ##  ######  ########

You're about to initialize a Firebase project in this directory:

  C:\Users\hp\OneDrive\Desktop\amazon-clone\demo\portfollio_Website

[info] 
=== Project Setup
[info] 
[info] First, let's associate this project directory with a Firebase project.
[info] You can create multiple project aliases by running firebase use --add, 
[info] but for now we'll just set up a default project.
[info] 
[info] i  If you want to create a project in a Google Cloud organization or folder, please use "firebase projects:create" instead, and return to this command when you've created the project. 
[debug] [2023-08-01T02:16:05.963Z] >>> [apiv2][query] POST https://cloudresourcemanager.googleapis.com/v1/projects [none]
[debug] [2023-08-01T02:16:05.963Z] >>> [apiv2][body] POST https://cloudresourcemanager.googleapis.com/v1/projects {"projectId":"websitedemo","name":"websitedemo"}
[debug] [2023-08-01T02:16:07.518Z] <<< [apiv2][status] POST https://cloudresourcemanager.googleapis.com/v1/projects 409
[debug] [2023-08-01T02:16:07.518Z] <<< [apiv2][body] POST https://cloudresourcemanager.googleapis.com/v1/projects {"error":{"code":409,"message":"Requested entity already exists","status":"ALREADY_EXISTS"}}
[debug] [2023-08-01T02:16:07.785Z] FirebaseError: HTTP Error: 409, Requested entity already exists
    at responseToError (C:\Users\hp\AppData\Roaming\npm\node_modules\firebase-tools\lib\responseToError.js:49:12)
    at RetryOperation._fn (C:\Users\hp\AppData\Roaming\npm\node_modules\firebase-tools\lib\apiv2.js:288:77)
    at processTicksAndRejections (node:internal/process/task_queues:96:5)
[error] 
[error] Error: Failed to create project because there is already a project with ID websitedemo. Please try again with a unique project ID.
